This file contains any messages produced by compilers while
running configure, to aid debugging if configure makes a mistake.

It was created by libdivsufsort configure 2.0.1, which was
generated by GNU Autoconf 2.67.  Invocation command line was

  $ ./configure 

## --------- ##
## Platform. ##
## --------- ##

hostname = floating
uname -m = x86_64
uname -r = 3.16.0-4-amd64
uname -s = Linux
uname -v = #1 SMP Debian 3.16.7-ckt9-3~deb8u1 (2015-04-24)

/usr/bin/uname -p = unknown
/bin/uname -X     = unknown

/bin/arch              = unknown
/usr/bin/arch -k       = unknown
/usr/convex/getsysinfo = unknown
/usr/bin/hostinfo      = unknown
/bin/machine           = unknown
/usr/bin/oslevel       = unknown
/bin/universe          = unknown

PATH: /usr/local/bin
PATH: /usr/bin
PATH: /bin
PATH: /usr/local/games
PATH: /usr/games


## ----------- ##
## Core tests. ##
## ----------- ##

configure:2611: checking build system type
configure:2625: result: x86_64-unknown-linux-gnu
configure:2645: checking host system type
configure:2658: result: x86_64-unknown-linux-gnu
configure:2678: checking target system type
configure:2691: result: x86_64-unknown-linux-gnu
configure:2733: checking for a BSD-compatible install
configure:2801: result: /usr/bin/install -c
configure:2812: checking whether build environment is sane
configure:2862: result: yes
configure:3003: checking for a thread-safe mkdir -p
configure:3042: result: /bin/mkdir -p
configure:3055: checking for gawk
configure:3085: result: no
configure:3055: checking for mawk
configure:3071: found /usr/bin/mawk
configure:3082: result: mawk
configure:3093: checking whether make sets $(MAKE)
configure:3115: result: yes
configure:3187: checking whether to enable maintainer-specific portions of Makefiles
configure:3196: result: no
configure:3277: checking for gcc
configure:3293: found /usr/bin/gcc
configure:3304: result: gcc
configure:3533: checking for C compiler version
configure:3542: gcc --version >&5
gcc (Debian 4.9.2-10) 4.9.2
Copyright (C) 2014 Free Software Foundation, Inc.
This is free software; see the source for copying conditions.  There is NO
warranty; not even for MERCHANTABILITY or FITNESS FOR A PARTICULAR PURPOSE.

configure:3553: $? = 0
configure:3542: gcc -v >&5
Using built-in specs.
COLLECT_GCC=gcc
COLLECT_LTO_WRAPPER=/usr/lib/gcc/x86_64-linux-gnu/4.9/lto-wrapper
Target: x86_64-linux-gnu
Configured with: ../src/configure -v --with-pkgversion='Debian 4.9.2-10' --with-bugurl=file:///usr/share/doc/gcc-4.9/README.Bugs --enable-languages=c,c++,java,go,d,fortran,objc,obj-c++ --prefix=/usr --program-suffix=-4.9 --enable-shared --enable-linker-build-id --libexecdir=/usr/lib --without-included-gettext --enable-threads=posix --with-gxx-include-dir=/usr/include/c++/4.9 --libdir=/usr/lib --enable-nls --with-sysroot=/ --enable-clocale=gnu --enable-libstdcxx-debug --enable-libstdcxx-time=yes --enable-gnu-unique-object --disable-vtable-verify --enable-plugin --with-system-zlib --disable-browser-plugin --enable-java-awt=gtk --enable-gtk-cairo --with-java-home=/usr/lib/jvm/java-1.5.0-gcj-4.9-amd64/jre --enable-java-home --with-jvm-root-dir=/usr/lib/jvm/java-1.5.0-gcj-4.9-amd64 --with-jvm-jar-dir=/usr/lib/jvm-exports/java-1.5.0-gcj-4.9-amd64 --with-arch-directory=amd64 --with-ecj-jar=/usr/share/java/eclipse-ecj.jar --enable-objc-gc --enable-multiarch --with-arch-32=i586 --with-abi=m64 --with-multilib-list=m32,m64,mx32 --enable-multilib --with-tune=generic --enable-checking=release --build=x86_64-linux-gnu --host=x86_64-linux-gnu --target=x86_64-linux-gnu
Thread model: posix
gcc version 4.9.2 (Debian 4.9.2-10) 
configure:3553: $? = 0
configure:3542: gcc -V >&5
gcc: error: unrecognized command line option '-V'
gcc: fatal error: no input files
compilation terminated.
configure:3553: $? = 4
configure:3542: gcc -qversion >&5
gcc: error: unrecognized command line option '-qversion'
gcc: fatal error: no input files
compilation terminated.
configure:3553: $? = 4
configure:3573: checking whether the C compiler works
configure:3595: gcc    conftest.c  >&5
configure:3599: $? = 0
configure:3647: result: yes
configure:3650: checking for C compiler default output file name
configure:3652: result: a.out
configure:3658: checking for suffix of executables
configure:3665: gcc -o conftest    conftest.c  >&5
configure:3669: $? = 0
configure:3691: result: 
configure:3713: checking whether we are cross compiling
configure:3721: gcc -o conftest    conftest.c  >&5
configure:3725: $? = 0
configure:3732: ./conftest
configure:3736: $? = 0
configure:3751: result: no
configure:3756: checking for suffix of object files
configure:3778: gcc -c   conftest.c >&5
configure:3782: $? = 0
configure:3803: result: o
configure:3807: checking whether we are using the GNU C compiler
configure:3826: gcc -c   conftest.c >&5
configure:3826: $? = 0
configure:3835: result: yes
configure:3844: checking whether gcc accepts -g
configure:3864: gcc -c -g  conftest.c >&5
configure:3864: $? = 0
configure:3905: result: yes
configure:3922: checking for gcc option to accept ISO C89
configure:3986: gcc  -c -g -O2  conftest.c >&5
configure:3986: $? = 0
configure:3999: result: none needed
configure:4030: checking for style of include used by make
configure:4058: result: GNU
configure:4083: checking dependency style of gcc
configure:4193: result: gcc3
configure:4209: checking whether make sets $(MAKE)
configure:4231: result: yes
configure:4304: checking for a sed that does not truncate output
configure:4368: result: /bin/sed
configure:4386: checking for grep that handles long lines and -e
configure:4444: result: /bin/grep
configure:4449: checking for egrep
configure:4511: result: /bin/grep -E
configure:4516: checking for fgrep
configure:4578: result: /bin/grep -F
configure:4613: checking for ld used by gcc
configure:4680: result: /usr/bin/ld
configure:4687: checking if the linker (/usr/bin/ld) is GNU ld
configure:4702: result: yes
configure:4714: checking for BSD- or MS-compatible name lister (nm)
configure:4763: result: /usr/bin/nm -B
configure:4881: checking the name lister (/usr/bin/nm -B) interface
configure:4888: gcc -c -g -O2  conftest.c >&5
configure:4891: /usr/bin/nm -B "conftest.o"
configure:4894: output
0000000000000000 B some_variable
configure:4901: result: BSD nm
configure:4904: checking whether ln -s works
configure:4908: result: yes
configure:4916: checking the maximum length of command line arguments
configure:5036: result: 1572864
configure:5053: checking whether the shell understands some XSI constructs
configure:5063: result: yes
configure:5067: checking whether the shell understands "+="
configure:5073: result: yes
configure:5108: checking for /usr/bin/ld option to reload object files
configure:5115: result: -r
configure:5184: checking for objdump
configure:5200: found /usr/bin/objdump
configure:5211: result: objdump
configure:5243: checking how to recognize dependent libraries
configure:5439: result: pass_all
configure:5499: checking for ar
configure:5515: found /usr/bin/ar
configure:5526: result: ar
configure:5604: checking for strip
configure:5620: found /usr/bin/strip
configure:5631: result: strip
configure:5703: checking for ranlib
configure:5719: found /usr/bin/ranlib
configure:5730: result: ranlib
configure:5820: checking command to parse /usr/bin/nm -B output from gcc object
configure:5938: gcc -c -g -O2  conftest.c >&5
configure:5941: $? = 0
configure:5945: /usr/bin/nm -B conftest.o \| sed -n -e 's/^.*[	 ]\([ABCDGIRSTW][ABCDGIRSTW]*\)[	 ][	 ]*\([_A-Za-z][_A-Za-z0-9]*\)$/\1 \2 \2/p' \> conftest.nm
configure:5948: $? = 0
configure:6002: gcc -o conftest -g -O2   conftest.c conftstm.o >&5
configure:6005: $? = 0
configure:6043: result: ok
configure:6139: gcc -c -g -O2  conftest.c >&5
configure:6142: $? = 0
configure:6852: checking how to run the C preprocessor
configure:6883: gcc -E  conftest.c
configure:6883: $? = 0
configure:6897: gcc -E  conftest.c
conftest.c:9:28: fatal error: ac_nonexistent.h: No such file or directory
 #include <ac_nonexistent.h>
                            ^
compilation terminated.
configure:6897: $? = 1
configure: failed program was:
| /* confdefs.h */
| #define PACKAGE_NAME "libdivsufsort"
| #define PACKAGE_TARNAME "libdivsufsort"
| #define PACKAGE_VERSION "2.0.1"
| #define PACKAGE_STRING "libdivsufsort 2.0.1"
| #define PACKAGE_BUGREPORT "yuta.256@gmail.com"
| #define PACKAGE_URL ""
| /* end confdefs.h.  */
| #include <ac_nonexistent.h>
configure:6922: result: gcc -E
configure:6942: gcc -E  conftest.c
configure:6942: $? = 0
configure:6956: gcc -E  conftest.c
conftest.c:9:28: fatal error: ac_nonexistent.h: No such file or directory
 #include <ac_nonexistent.h>
                            ^
compilation terminated.
configure:6956: $? = 1
configure: failed program was:
| /* confdefs.h */
| #define PACKAGE_NAME "libdivsufsort"
| #define PACKAGE_TARNAME "libdivsufsort"
| #define PACKAGE_VERSION "2.0.1"
| #define PACKAGE_STRING "libdivsufsort 2.0.1"
| #define PACKAGE_BUGREPORT "yuta.256@gmail.com"
| #define PACKAGE_URL ""
| /* end confdefs.h.  */
| #include <ac_nonexistent.h>
configure:6985: checking for ANSI C header files
configure:7005: gcc -c -g -O2  conftest.c >&5
configure:7005: $? = 0
configure:7078: gcc -o conftest -g -O2   conftest.c  >&5
configure:7078: $? = 0
configure:7078: ./conftest
configure:7078: $? = 0
configure:7089: result: yes
configure:7102: checking for sys/types.h
configure:7102: gcc -c -g -O2  conftest.c >&5
configure:7102: $? = 0
configure:7102: result: yes
configure:7102: checking for sys/stat.h
configure:7102: gcc -c -g -O2  conftest.c >&5
configure:7102: $? = 0
configure:7102: result: yes
configure:7102: checking for stdlib.h
configure:7102: gcc -c -g -O2  conftest.c >&5
configure:7102: $? = 0
configure:7102: result: yes
configure:7102: checking for string.h
configure:7102: gcc -c -g -O2  conftest.c >&5
configure:7102: $? = 0
configure:7102: result: yes
configure:7102: checking for memory.h
configure:7102: gcc -c -g -O2  conftest.c >&5
configure:7102: $? = 0
configure:7102: result: yes
configure:7102: checking for strings.h
configure:7102: gcc -c -g -O2  conftest.c >&5
configure:7102: $? = 0
configure:7102: result: yes
configure:7102: checking for inttypes.h
configure:7102: gcc -c -g -O2  conftest.c >&5
configure:7102: $? = 0
configure:7102: result: yes
configure:7102: checking for stdint.h
configure:7102: gcc -c -g -O2  conftest.c >&5
configure:7102: $? = 0
configure:7102: result: yes
configure:7102: checking for unistd.h
configure:7102: gcc -c -g -O2  conftest.c >&5
configure:7102: $? = 0
configure:7102: result: yes
configure:7116: checking for dlfcn.h
configure:7116: gcc -c -g -O2  conftest.c >&5
configure:7116: $? = 0
configure:7116: result: yes
configure:7270: checking for objdir
configure:7285: result: .libs
configure:7581: checking if gcc supports -fno-rtti -fno-exceptions
configure:7599: gcc -c -g -O2  -fno-rtti -fno-exceptions conftest.c >&5
cc1: warning: command line option '-fno-rtti' is valid for C++/ObjC++ but not for C
configure:7603: $? = 0
configure:7616: result: no
configure:7636: checking for gcc option to produce PIC
configure:7908: result: -fPIC -DPIC
configure:7920: checking if gcc PIC flag -fPIC -DPIC works
configure:7938: gcc -c -g -O2  -fPIC -DPIC -DPIC conftest.c >&5
configure:7942: $? = 0
configure:7955: result: yes
configure:7979: checking if gcc static flag -static works
configure:8007: result: yes
configure:8022: checking if gcc supports -c -o file.o
configure:8043: gcc -c -g -O2  -o out/conftest2.o conftest.c >&5
configure:8047: $? = 0
configure:8069: result: yes
configure:8077: checking if gcc supports -c -o file.o
configure:8124: result: yes
configure:8157: checking whether the gcc linker (/usr/bin/ld -m elf_x86_64) supports shared libraries
configure:9148: result: yes
configure:9387: checking dynamic linker characteristics
configure:9820: gcc -o conftest -g -O2   -Wl,-rpath -Wl,/foo conftest.c  >&5
configure:9820: $? = 0
configure:10050: result: GNU/Linux ld.so
configure:10152: checking how to hardcode library paths into programs
configure:10177: result: immediate
configure:10697: checking whether stripping libraries is possible
configure:10702: result: yes
configure:10737: checking if libtool supports shared libraries
configure:10739: result: yes
configure:10742: checking whether to build shared libraries
configure:10763: result: no
configure:10766: checking whether to build static libraries
configure:10770: result: yes
configure:10816: checking for ANSI C header files
configure:10920: result: yes
configure:10931: checking for inttypes.h
configure:10931: result: yes
configure:10931: checking for memory.h
configure:10931: result: yes
configure:10931: checking stddef.h usability
configure:10931: gcc -c -g -O2  conftest.c >&5
configure:10931: $? = 0
configure:10931: result: yes
configure:10931: checking stddef.h presence
configure:10931: gcc -E  conftest.c
configure:10931: $? = 0
configure:10931: result: yes
configure:10931: checking for stddef.h
configure:10931: result: yes
configure:10931: checking for stdint.h
configure:10931: result: yes
configure:10931: checking for stdlib.h
configure:10931: result: yes
configure:10931: checking for string.h
configure:10931: result: yes
configure:10931: checking for strings.h
configure:10931: result: yes
configure:10931: checking for sys/types.h
configure:10931: result: yes
configure:10931: checking io.h usability
configure:10931: gcc -c -g -O2  conftest.c >&5
conftest.c:63:16: fatal error: io.h: No such file or directory
 #include <io.h>
                ^
compilation terminated.
configure:10931: $? = 1
configure: failed program was:
| /* confdefs.h */
| #define PACKAGE_NAME "libdivsufsort"
| #define PACKAGE_TARNAME "libdivsufsort"
| #define PACKAGE_VERSION "2.0.1"
| #define PACKAGE_STRING "libdivsufsort 2.0.1"
| #define PACKAGE_BUGREPORT "yuta.256@gmail.com"
| #define PACKAGE_URL ""
| #define STDC_HEADERS 1
| #define HAVE_SYS_TYPES_H 1
| #define HAVE_SYS_STAT_H 1
| #define HAVE_STDLIB_H 1
| #define HAVE_STRING_H 1
| #define HAVE_MEMORY_H 1
| #define HAVE_STRINGS_H 1
| #define HAVE_INTTYPES_H 1
| #define HAVE_STDINT_H 1
| #define HAVE_UNISTD_H 1
| #define HAVE_DLFCN_H 1
| #define LT_OBJDIR ".libs/"
| #define STDC_HEADERS 1
| #define HAVE_INTTYPES_H 1
| #define HAVE_MEMORY_H 1
| #define HAVE_STDDEF_H 1
| #define HAVE_STDINT_H 1
| #define HAVE_STDLIB_H 1
| #define HAVE_STRING_H 1
| #define HAVE_STRINGS_H 1
| #define HAVE_SYS_TYPES_H 1
| /* end confdefs.h.  */
| #include <stdio.h>
| #ifdef HAVE_SYS_TYPES_H
| # include <sys/types.h>
| #endif
| #ifdef HAVE_SYS_STAT_H
| # include <sys/stat.h>
| #endif
| #ifdef STDC_HEADERS
| # include <stdlib.h>
| # include <stddef.h>
| #else
| # ifdef HAVE_STDLIB_H
| #  include <stdlib.h>
| # endif
| #endif
| #ifdef HAVE_STRING_H
| # if !defined STDC_HEADERS && defined HAVE_MEMORY_H
| #  include <memory.h>
| # endif
| # include <string.h>
| #endif
| #ifdef HAVE_STRINGS_H
| # include <strings.h>
| #endif
| #ifdef HAVE_INTTYPES_H
| # include <inttypes.h>
| #endif
| #ifdef HAVE_STDINT_H
| # include <stdint.h>
| #endif
| #ifdef HAVE_UNISTD_H
| # include <unistd.h>
| #endif
| #include <io.h>
configure:10931: result: no
configure:10931: checking io.h presence
configure:10931: gcc -E  conftest.c
conftest.c:30:16: fatal error: io.h: No such file or directory
 #include <io.h>
                ^
compilation terminated.
configure:10931: $? = 1
configure: failed program was:
| /* confdefs.h */
| #define PACKAGE_NAME "libdivsufsort"
| #define PACKAGE_TARNAME "libdivsufsort"
| #define PACKAGE_VERSION "2.0.1"
| #define PACKAGE_STRING "libdivsufsort 2.0.1"
| #define PACKAGE_BUGREPORT "yuta.256@gmail.com"
| #define PACKAGE_URL ""
| #define STDC_HEADERS 1
| #define HAVE_SYS_TYPES_H 1
| #define HAVE_SYS_STAT_H 1
| #define HAVE_STDLIB_H 1
| #define HAVE_STRING_H 1
| #define HAVE_MEMORY_H 1
| #define HAVE_STRINGS_H 1
| #define HAVE_INTTYPES_H 1
| #define HAVE_STDINT_H 1
| #define HAVE_UNISTD_H 1
| #define HAVE_DLFCN_H 1
| #define LT_OBJDIR ".libs/"
| #define STDC_HEADERS 1
| #define HAVE_INTTYPES_H 1
| #define HAVE_MEMORY_H 1
| #define HAVE_STDDEF_H 1
| #define HAVE_STDINT_H 1
| #define HAVE_STDLIB_H 1
| #define HAVE_STRING_H 1
| #define HAVE_STRINGS_H 1
| #define HAVE_SYS_TYPES_H 1
| /* end confdefs.h.  */
| #include <io.h>
configure:10931: result: no
configure:10931: checking for io.h
configure:10931: result: no
configure:10931: checking fcntl.h usability
configure:10931: gcc -c -g -O2  conftest.c >&5
configure:10931: $? = 0
configure:10931: result: yes
configure:10931: checking fcntl.h presence
configure:10931: gcc -E  conftest.c
configure:10931: $? = 0
configure:10931: result: yes
configure:10931: checking for fcntl.h
configure:10931: result: yes
configure:10955: checking for uint8_t
configure:10955: gcc -c -g -O2  conftest.c >&5
configure:10955: $? = 0
configure:10955: gcc -c -g -O2  conftest.c >&5
conftest.c: In function 'main':
conftest.c:67:22: error: expected expression before ')' token
 if (sizeof ((uint8_t)))
                      ^
configure:10955: $? = 1
configure: failed program was:
| /* confdefs.h */
| #define PACKAGE_NAME "libdivsufsort"
| #define PACKAGE_TARNAME "libdivsufsort"
| #define PACKAGE_VERSION "2.0.1"
| #define PACKAGE_STRING "libdivsufsort 2.0.1"
| #define PACKAGE_BUGREPORT "yuta.256@gmail.com"
| #define PACKAGE_URL ""
| #define STDC_HEADERS 1
| #define HAVE_SYS_TYPES_H 1
| #define HAVE_SYS_STAT_H 1
| #define HAVE_STDLIB_H 1
| #define HAVE_STRING_H 1
| #define HAVE_MEMORY_H 1
| #define HAVE_STRINGS_H 1
| #define HAVE_INTTYPES_H 1
| #define HAVE_STDINT_H 1
| #define HAVE_UNISTD_H 1
| #define HAVE_DLFCN_H 1
| #define LT_OBJDIR ".libs/"
| #define STDC_HEADERS 1
| #define HAVE_INTTYPES_H 1
| #define HAVE_MEMORY_H 1
| #define HAVE_STDDEF_H 1
| #define HAVE_STDINT_H 1
| #define HAVE_STDLIB_H 1
| #define HAVE_STRING_H 1
| #define HAVE_STRINGS_H 1
| #define HAVE_SYS_TYPES_H 1
| #define HAVE_FCNTL_H 1
| /* end confdefs.h.  */
| #include <stdio.h>
| #ifdef HAVE_SYS_TYPES_H
| # include <sys/types.h>
| #endif
| #ifdef HAVE_SYS_STAT_H
| # include <sys/stat.h>
| #endif
| #ifdef STDC_HEADERS
| # include <stdlib.h>
| # include <stddef.h>
| #else
| # ifdef HAVE_STDLIB_H
| #  include <stdlib.h>
| # endif
| #endif
| #ifdef HAVE_STRING_H
| # if !defined STDC_HEADERS && defined HAVE_MEMORY_H
| #  include <memory.h>
| # endif
| # include <string.h>
| #endif
| #ifdef HAVE_STRINGS_H
| # include <strings.h>
| #endif
| #ifdef HAVE_INTTYPES_H
| # include <inttypes.h>
| #endif
| #ifdef HAVE_STDINT_H
| # include <stdint.h>
| #endif
| #ifdef HAVE_UNISTD_H
| # include <unistd.h>
| #endif
| int
| main ()
| {
| if (sizeof ((uint8_t)))
| 	    return 0;
|   ;
|   return 0;
| }
configure:10955: result: yes
configure:11011: checking for int32_t
configure:11011: gcc -c -g -O2  conftest.c >&5
configure:11011: $? = 0
configure:11011: gcc -c -g -O2  conftest.c >&5
conftest.c: In function 'main':
conftest.c:68:22: error: expected expression before ')' token
 if (sizeof ((int32_t)))
                      ^
configure:11011: $? = 1
configure: failed program was:
| /* confdefs.h */
| #define PACKAGE_NAME "libdivsufsort"
| #define PACKAGE_TARNAME "libdivsufsort"
| #define PACKAGE_VERSION "2.0.1"
| #define PACKAGE_STRING "libdivsufsort 2.0.1"
| #define PACKAGE_BUGREPORT "yuta.256@gmail.com"
| #define PACKAGE_URL ""
| #define STDC_HEADERS 1
| #define HAVE_SYS_TYPES_H 1
| #define HAVE_SYS_STAT_H 1
| #define HAVE_STDLIB_H 1
| #define HAVE_STRING_H 1
| #define HAVE_MEMORY_H 1
| #define HAVE_STRINGS_H 1
| #define HAVE_INTTYPES_H 1
| #define HAVE_STDINT_H 1
| #define HAVE_UNISTD_H 1
| #define HAVE_DLFCN_H 1
| #define LT_OBJDIR ".libs/"
| #define STDC_HEADERS 1
| #define HAVE_INTTYPES_H 1
| #define HAVE_MEMORY_H 1
| #define HAVE_STDDEF_H 1
| #define HAVE_STDINT_H 1
| #define HAVE_STDLIB_H 1
| #define HAVE_STRING_H 1
| #define HAVE_STRINGS_H 1
| #define HAVE_SYS_TYPES_H 1
| #define HAVE_FCNTL_H 1
| #define HAVE_UINT8_T 1
| /* end confdefs.h.  */
| #include <stdio.h>
| #ifdef HAVE_SYS_TYPES_H
| # include <sys/types.h>
| #endif
| #ifdef HAVE_SYS_STAT_H
| # include <sys/stat.h>
| #endif
| #ifdef STDC_HEADERS
| # include <stdlib.h>
| # include <stddef.h>
| #else
| # ifdef HAVE_STDLIB_H
| #  include <stdlib.h>
| # endif
| #endif
| #ifdef HAVE_STRING_H
| # if !defined STDC_HEADERS && defined HAVE_MEMORY_H
| #  include <memory.h>
| # endif
| # include <string.h>
| #endif
| #ifdef HAVE_STRINGS_H
| # include <strings.h>
| #endif
| #ifdef HAVE_INTTYPES_H
| # include <inttypes.h>
| #endif
| #ifdef HAVE_STDINT_H
| # include <stdint.h>
| #endif
| #ifdef HAVE_UNISTD_H
| # include <unistd.h>
| #endif
| int
| main ()
| {
| if (sizeof ((int32_t)))
| 	    return 0;
|   ;
|   return 0;
| }
configure:11011: result: yes
configure:11406: checking for an ANSI C-conforming const
configure:11471: gcc -c -g -O2  conftest.c >&5
configure:11471: $? = 0
configure:11478: result: yes
configure:11486: checking for inline
configure:11502: gcc -c -g -O2  conftest.c >&5
configure:11502: $? = 0
configure:11510: result: inline
configure:11538: checking for stdlib.h
configure:11538: result: yes
configure:11548: checking for GNU libc compatible malloc
configure:11572: gcc -o conftest -g -O2   conftest.c  >&5
configure:11572: $? = 0
configure:11572: ./conftest
configure:11572: $? = 0
configure:11582: result: yes
configure:11606: checking for fopen_s
configure:11606: gcc -o conftest -g -O2   conftest.c  >&5
/tmp/ccQWmVwC.o: In function `main':
/home/alcaro/floating/libdivsufsort-2.0.1/conftest.c:71: undefined reference to `fopen_s'
collect2: error: ld returned 1 exit status
configure:11606: $? = 1
configure: failed program was:
| /* confdefs.h */
| #define PACKAGE_NAME "libdivsufsort"
| #define PACKAGE_TARNAME "libdivsufsort"
| #define PACKAGE_VERSION "2.0.1"
| #define PACKAGE_STRING "libdivsufsort 2.0.1"
| #define PACKAGE_BUGREPORT "yuta.256@gmail.com"
| #define PACKAGE_URL ""
| #define STDC_HEADERS 1
| #define HAVE_SYS_TYPES_H 1
| #define HAVE_SYS_STAT_H 1
| #define HAVE_STDLIB_H 1
| #define HAVE_STRING_H 1
| #define HAVE_MEMORY_H 1
| #define HAVE_STRINGS_H 1
| #define HAVE_INTTYPES_H 1
| #define HAVE_STDINT_H 1
| #define HAVE_UNISTD_H 1
| #define HAVE_DLFCN_H 1
| #define LT_OBJDIR ".libs/"
| #define STDC_HEADERS 1
| #define HAVE_INTTYPES_H 1
| #define HAVE_MEMORY_H 1
| #define HAVE_STDDEF_H 1
| #define HAVE_STDINT_H 1
| #define HAVE_STDLIB_H 1
| #define HAVE_STRING_H 1
| #define HAVE_STRINGS_H 1
| #define HAVE_SYS_TYPES_H 1
| #define HAVE_FCNTL_H 1
| #define HAVE_UINT8_T 1
| #define HAVE_INT32_T 1
| #define INLINE inline
| #define PROJECT_VERSION_FULL PACKAGE_VERSION
| #define HAVE_STDLIB_H 1
| #define HAVE_MALLOC 1
| /* end confdefs.h.  */
| /* Define fopen_s to an innocuous variant, in case <limits.h> declares fopen_s.
|    For example, HP-UX 11i <limits.h> declares gettimeofday.  */
| #define fopen_s innocuous_fopen_s
| 
| /* System header to define __stub macros and hopefully few prototypes,
|     which can conflict with char fopen_s (); below.
|     Prefer <limits.h> to <assert.h> if __STDC__ is defined, since
|     <limits.h> exists even on freestanding compilers.  */
| 
| #ifdef __STDC__
| # include <limits.h>
| #else
| # include <assert.h>
| #endif
| 
| #undef fopen_s
| 
| /* Override any GCC internal prototype to avoid an error.
|    Use char because int might match the return type of a GCC
|    builtin and then its argument prototype would still apply.  */
| #ifdef __cplusplus
| extern "C"
| #endif
| char fopen_s ();
| /* The GNU C library defines this for functions which it implements
|     to always fail with ENOSYS.  Some functions are actually named
|     something starting with __ and the normal name is an alias.  */
| #if defined __stub_fopen_s || defined __stub___fopen_s
| choke me
| #endif
| 
| int
| main ()
| {
| return fopen_s ();
|   ;
|   return 0;
| }
configure:11606: result: no
configure:11606: checking for _setmode
configure:11606: gcc -o conftest -g -O2   conftest.c  >&5
/tmp/ccShPPVG.o: In function `main':
/home/alcaro/floating/libdivsufsort-2.0.1/conftest.c:71: undefined reference to `_setmode'
collect2: error: ld returned 1 exit status
configure:11606: $? = 1
configure: failed program was:
| /* confdefs.h */
| #define PACKAGE_NAME "libdivsufsort"
| #define PACKAGE_TARNAME "libdivsufsort"
| #define PACKAGE_VERSION "2.0.1"
| #define PACKAGE_STRING "libdivsufsort 2.0.1"
| #define PACKAGE_BUGREPORT "yuta.256@gmail.com"
| #define PACKAGE_URL ""
| #define STDC_HEADERS 1
| #define HAVE_SYS_TYPES_H 1
| #define HAVE_SYS_STAT_H 1
| #define HAVE_STDLIB_H 1
| #define HAVE_STRING_H 1
| #define HAVE_MEMORY_H 1
| #define HAVE_STRINGS_H 1
| #define HAVE_INTTYPES_H 1
| #define HAVE_STDINT_H 1
| #define HAVE_UNISTD_H 1
| #define HAVE_DLFCN_H 1
| #define LT_OBJDIR ".libs/"
| #define STDC_HEADERS 1
| #define HAVE_INTTYPES_H 1
| #define HAVE_MEMORY_H 1
| #define HAVE_STDDEF_H 1
| #define HAVE_STDINT_H 1
| #define HAVE_STDLIB_H 1
| #define HAVE_STRING_H 1
| #define HAVE_STRINGS_H 1
| #define HAVE_SYS_TYPES_H 1
| #define HAVE_FCNTL_H 1
| #define HAVE_UINT8_T 1
| #define HAVE_INT32_T 1
| #define INLINE inline
| #define PROJECT_VERSION_FULL PACKAGE_VERSION
| #define HAVE_STDLIB_H 1
| #define HAVE_MALLOC 1
| /* end confdefs.h.  */
| /* Define _setmode to an innocuous variant, in case <limits.h> declares _setmode.
|    For example, HP-UX 11i <limits.h> declares gettimeofday.  */
| #define _setmode innocuous__setmode
| 
| /* System header to define __stub macros and hopefully few prototypes,
|     which can conflict with char _setmode (); below.
|     Prefer <limits.h> to <assert.h> if __STDC__ is defined, since
|     <limits.h> exists even on freestanding compilers.  */
| 
| #ifdef __STDC__
| # include <limits.h>
| #else
| # include <assert.h>
| #endif
| 
| #undef _setmode
| 
| /* Override any GCC internal prototype to avoid an error.
|    Use char because int might match the return type of a GCC
|    builtin and then its argument prototype would still apply.  */
| #ifdef __cplusplus
| extern "C"
| #endif
| char _setmode ();
| /* The GNU C library defines this for functions which it implements
|     to always fail with ENOSYS.  Some functions are actually named
|     something starting with __ and the normal name is an alias.  */
| #if defined __stub__setmode || defined __stub____setmode
| choke me
| #endif
| 
| int
| main ()
| {
| return _setmode ();
|   ;
|   return 0;
| }
configure:11606: result: no
configure:11606: checking for setmode
configure:11606: gcc -o conftest -g -O2   conftest.c  >&5
/tmp/cc5hre0B.o: In function `main':
/home/alcaro/floating/libdivsufsort-2.0.1/conftest.c:71: undefined reference to `setmode'
collect2: error: ld returned 1 exit status
configure:11606: $? = 1
configure: failed program was:
| /* confdefs.h */
| #define PACKAGE_NAME "libdivsufsort"
| #define PACKAGE_TARNAME "libdivsufsort"
| #define PACKAGE_VERSION "2.0.1"
| #define PACKAGE_STRING "libdivsufsort 2.0.1"
| #define PACKAGE_BUGREPORT "yuta.256@gmail.com"
| #define PACKAGE_URL ""
| #define STDC_HEADERS 1
| #define HAVE_SYS_TYPES_H 1
| #define HAVE_SYS_STAT_H 1
| #define HAVE_STDLIB_H 1
| #define HAVE_STRING_H 1
| #define HAVE_MEMORY_H 1
| #define HAVE_STRINGS_H 1
| #define HAVE_INTTYPES_H 1
| #define HAVE_STDINT_H 1
| #define HAVE_UNISTD_H 1
| #define HAVE_DLFCN_H 1
| #define LT_OBJDIR ".libs/"
| #define STDC_HEADERS 1
| #define HAVE_INTTYPES_H 1
| #define HAVE_MEMORY_H 1
| #define HAVE_STDDEF_H 1
| #define HAVE_STDINT_H 1
| #define HAVE_STDLIB_H 1
| #define HAVE_STRING_H 1
| #define HAVE_STRINGS_H 1
| #define HAVE_SYS_TYPES_H 1
| #define HAVE_FCNTL_H 1
| #define HAVE_UINT8_T 1
| #define HAVE_INT32_T 1
| #define INLINE inline
| #define PROJECT_VERSION_FULL PACKAGE_VERSION
| #define HAVE_STDLIB_H 1
| #define HAVE_MALLOC 1
| /* end confdefs.h.  */
| /* Define setmode to an innocuous variant, in case <limits.h> declares setmode.
|    For example, HP-UX 11i <limits.h> declares gettimeofday.  */
| #define setmode innocuous_setmode
| 
| /* System header to define __stub macros and hopefully few prototypes,
|     which can conflict with char setmode (); below.
|     Prefer <limits.h> to <assert.h> if __STDC__ is defined, since
|     <limits.h> exists even on freestanding compilers.  */
| 
| #ifdef __STDC__
| # include <limits.h>
| #else
| # include <assert.h>
| #endif
| 
| #undef setmode
| 
| /* Override any GCC internal prototype to avoid an error.
|    Use char because int might match the return type of a GCC
|    builtin and then its argument prototype would still apply.  */
| #ifdef __cplusplus
| extern "C"
| #endif
| char setmode ();
| /* The GNU C library defines this for functions which it implements
|     to always fail with ENOSYS.  Some functions are actually named
|     something starting with __ and the normal name is an alias.  */
| #if defined __stub_setmode || defined __stub___setmode
| choke me
| #endif
| 
| int
| main ()
| {
| return setmode ();
|   ;
|   return 0;
| }
configure:11606: result: no
configure:11606: checking for _fileno
configure:11606: gcc -o conftest -g -O2   conftest.c  >&5
/tmp/ccDxvDkD.o: In function `main':
/home/alcaro/floating/libdivsufsort-2.0.1/conftest.c:71: undefined reference to `_fileno'
collect2: error: ld returned 1 exit status
configure:11606: $? = 1
configure: failed program was:
| /* confdefs.h */
| #define PACKAGE_NAME "libdivsufsort"
| #define PACKAGE_TARNAME "libdivsufsort"
| #define PACKAGE_VERSION "2.0.1"
| #define PACKAGE_STRING "libdivsufsort 2.0.1"
| #define PACKAGE_BUGREPORT "yuta.256@gmail.com"
| #define PACKAGE_URL ""
| #define STDC_HEADERS 1
| #define HAVE_SYS_TYPES_H 1
| #define HAVE_SYS_STAT_H 1
| #define HAVE_STDLIB_H 1
| #define HAVE_STRING_H 1
| #define HAVE_MEMORY_H 1
| #define HAVE_STRINGS_H 1
| #define HAVE_INTTYPES_H 1
| #define HAVE_STDINT_H 1
| #define HAVE_UNISTD_H 1
| #define HAVE_DLFCN_H 1
| #define LT_OBJDIR ".libs/"
| #define STDC_HEADERS 1
| #define HAVE_INTTYPES_H 1
| #define HAVE_MEMORY_H 1
| #define HAVE_STDDEF_H 1
| #define HAVE_STDINT_H 1
| #define HAVE_STDLIB_H 1
| #define HAVE_STRING_H 1
| #define HAVE_STRINGS_H 1
| #define HAVE_SYS_TYPES_H 1
| #define HAVE_FCNTL_H 1
| #define HAVE_UINT8_T 1
| #define HAVE_INT32_T 1
| #define INLINE inline
| #define PROJECT_VERSION_FULL PACKAGE_VERSION
| #define HAVE_STDLIB_H 1
| #define HAVE_MALLOC 1
| /* end confdefs.h.  */
| /* Define _fileno to an innocuous variant, in case <limits.h> declares _fileno.
|    For example, HP-UX 11i <limits.h> declares gettimeofday.  */
| #define _fileno innocuous__fileno
| 
| /* System header to define __stub macros and hopefully few prototypes,
|     which can conflict with char _fileno (); below.
|     Prefer <limits.h> to <assert.h> if __STDC__ is defined, since
|     <limits.h> exists even on freestanding compilers.  */
| 
| #ifdef __STDC__
| # include <limits.h>
| #else
| # include <assert.h>
| #endif
| 
| #undef _fileno
| 
| /* Override any GCC internal prototype to avoid an error.
|    Use char because int might match the return type of a GCC
|    builtin and then its argument prototype would still apply.  */
| #ifdef __cplusplus
| extern "C"
| #endif
| char _fileno ();
| /* The GNU C library defines this for functions which it implements
|     to always fail with ENOSYS.  Some functions are actually named
|     something starting with __ and the normal name is an alias.  */
| #if defined __stub__fileno || defined __stub____fileno
| choke me
| #endif
| 
| int
| main ()
| {
| return _fileno ();
|   ;
|   return 0;
| }
configure:11606: result: no
configure:11755: creating ./config.status

## ---------------------- ##
## Running config.status. ##
## ---------------------- ##

This file was extended by libdivsufsort config.status 2.0.1, which was
generated by GNU Autoconf 2.67.  Invocation command line was

  CONFIG_FILES    = 
  CONFIG_HEADERS  = 
  CONFIG_LINKS    = 
  CONFIG_COMMANDS = 
  $ ./config.status 

on floating

config.status:1121: creating Makefile
config.status:1121: creating include/Makefile
config.status:1121: creating include/divsufsort.h
config.status:1121: creating include/lfs.h
config.status:1121: creating lib/Makefile
config.status:1121: creating examples/Makefile
config.status:1121: creating include/config.h
config.status:1349: executing depfiles commands
config.status:1349: executing libtool commands

## ---------------- ##
## Cache variables. ##
## ---------------- ##

ac_cv_build=x86_64-unknown-linux-gnu
ac_cv_c_compiler_gnu=yes
ac_cv_c_const=yes
ac_cv_c_inline=inline
ac_cv_env_CC_set=
ac_cv_env_CC_value=
ac_cv_env_CFLAGS_set=
ac_cv_env_CFLAGS_value=
ac_cv_env_CPPFLAGS_set=
ac_cv_env_CPPFLAGS_value=
ac_cv_env_CPP_set=
ac_cv_env_CPP_value=
ac_cv_env_LDFLAGS_set=
ac_cv_env_LDFLAGS_value=
ac_cv_env_LIBS_set=
ac_cv_env_LIBS_value=
ac_cv_env_build_alias_set=
ac_cv_env_build_alias_value=
ac_cv_env_host_alias_set=
ac_cv_env_host_alias_value=
ac_cv_env_target_alias_set=
ac_cv_env_target_alias_value=
ac_cv_func__fileno=no
ac_cv_func__setmode=no
ac_cv_func_fopen_s=no
ac_cv_func_malloc_0_nonnull=yes
ac_cv_func_setmode=no
ac_cv_header_dlfcn_h=yes
ac_cv_header_fcntl_h=yes
ac_cv_header_inttypes_h=yes
ac_cv_header_io_h=no
ac_cv_header_memory_h=yes
ac_cv_header_stdc=yes
ac_cv_header_stddef_h=yes
ac_cv_header_stdint_h=yes
ac_cv_header_stdlib_h=yes
ac_cv_header_string_h=yes
ac_cv_header_strings_h=yes
ac_cv_header_sys_stat_h=yes
ac_cv_header_sys_types_h=yes
ac_cv_header_unistd_h=yes
ac_cv_host=x86_64-unknown-linux-gnu
ac_cv_objext=o
ac_cv_path_EGREP='/bin/grep -E'
ac_cv_path_FGREP='/bin/grep -F'
ac_cv_path_GREP=/bin/grep
ac_cv_path_SED=/bin/sed
ac_cv_path_install='/usr/bin/install -c'
ac_cv_path_mkdir=/bin/mkdir
ac_cv_prog_AWK=mawk
ac_cv_prog_CPP='gcc -E'
ac_cv_prog_ac_ct_AR=ar
ac_cv_prog_ac_ct_CC=gcc
ac_cv_prog_ac_ct_OBJDUMP=objdump
ac_cv_prog_ac_ct_RANLIB=ranlib
ac_cv_prog_ac_ct_STRIP=strip
ac_cv_prog_cc_c89=
ac_cv_prog_cc_g=yes
ac_cv_prog_make_make_set=yes
ac_cv_target=x86_64-unknown-linux-gnu
ac_cv_type_int32_t=yes
ac_cv_type_uint8_t=yes
am_cv_CC_dependencies_compiler_type=gcc3
lt_cv_deplibs_check_method=pass_all
lt_cv_file_magic_cmd='$MAGIC_CMD'
lt_cv_file_magic_test_file=
lt_cv_ld_reload_flag=-r
lt_cv_nm_interface='BSD nm'
lt_cv_objdir=.libs
lt_cv_path_LD=/usr/bin/ld
lt_cv_path_NM='/usr/bin/nm -B'
lt_cv_prog_compiler_c_o=yes
lt_cv_prog_compiler_pic_works=yes
lt_cv_prog_compiler_rtti_exceptions=no
lt_cv_prog_compiler_static_works=yes
lt_cv_prog_gnu_ld=yes
lt_cv_sys_global_symbol_pipe='sed -n -e '\''s/^.*[	 ]\([ABCDGIRSTW][ABCDGIRSTW]*\)[	 ][	 ]*\([_A-Za-z][_A-Za-z0-9]*\)$/\1 \2 \2/p'\'''
lt_cv_sys_global_symbol_to_c_name_address='sed -n -e '\''s/^: \([^ ]*\) $/  {\"\1\", (void *) 0},/p'\'' -e '\''s/^[ABCDGIRSTW]* \([^ ]*\) \([^ ]*\)$/  {"\2", (void *) \&\2},/p'\'''
lt_cv_sys_global_symbol_to_c_name_address_lib_prefix='sed -n -e '\''s/^: \([^ ]*\) $/  {\"\1\", (void *) 0},/p'\'' -e '\''s/^[ABCDGIRSTW]* \([^ ]*\) \(lib[^ ]*\)$/  {"\2", (void *) \&\2},/p'\'' -e '\''s/^[ABCDGIRSTW]* \([^ ]*\) \([^ ]*\)$/  {"lib\2", (void *) \&\2},/p'\'''
lt_cv_sys_global_symbol_to_cdecl='sed -n -e '\''s/^T .* \(.*\)$/extern int \1();/p'\'' -e '\''s/^[ABCDGIRSTW]* .* \(.*\)$/extern char \1;/p'\'''
lt_cv_sys_max_cmd_len=1572864

## ----------------- ##
## Output variables. ##
## ----------------- ##

ACLOCAL='${SHELL} /home/alcaro/floating/libdivsufsort-2.0.1/config/missing --run aclocal-1.11'
AMDEPBACKSLASH='\'
AMDEP_FALSE='#'
AMDEP_TRUE=''
AMTAR='${SHELL} /home/alcaro/floating/libdivsufsort-2.0.1/config/missing --run tar'
AR='ar'
AUTOCONF='${SHELL} /home/alcaro/floating/libdivsufsort-2.0.1/config/missing --run autoconf'
AUTOHEADER='${SHELL} /home/alcaro/floating/libdivsufsort-2.0.1/config/missing --run autoheader'
AUTOMAKE='${SHELL} /home/alcaro/floating/libdivsufsort-2.0.1/config/missing --run automake-1.11'
AWK='mawk'
CC='gcc'
CCDEPMODE='depmode=gcc3'
CFLAGS='-g -O2'
CPP='gcc -E'
CPPFLAGS=''
CYGPATH_W='echo'
DEFS='-DHAVE_CONFIG_H'
DEPDIR='.deps'
DIVSUFSORT64_FALSE=''
DIVSUFSORT64_TRUE='#'
DIVSUFSORT_EXPORT=''
DIVSUFSORT_IMPORT=''
DSYMUTIL=''
DUMPBIN=''
ECHO_C=''
ECHO_N='-n'
ECHO_T=''
EGREP='/bin/grep -E'
EXEEXT=''
FGREP='/bin/grep -F'
GREP='/bin/grep'
INCFILE='#include <inttypes.h>'
INSTALL_DATA='${INSTALL} -m 644'
INSTALL_PROGRAM='${INSTALL}'
INSTALL_SCRIPT='${INSTALL}'
INSTALL_STRIP_PROGRAM='$(install_sh) -c -s'
LD='/usr/bin/ld -m elf_x86_64'
LDFLAGS=''
LFS_FOPEN='fopen'
LFS_FSEEK='fseek'
LFS_FTELL='ftell'
LFS_OFF_T='long'
LFS_PRID='"ld"'
LIBOBJS=''
LIBS=''
LIBTOOL='$(SHELL) $(top_builddir)/libtool'
LIBTOOL_DEPS='config/ltmain.sh'
LIPO=''
LN_S='ln -s'
LTLIBOBJS=''
LT_AGE='0'
LT_CURRENT='3'
LT_REVISION='1'
MAINT='#'
MAINTAINER_MODE_FALSE=''
MAINTAINER_MODE_TRUE='#'
MAKEINFO='${SHELL} /home/alcaro/floating/libdivsufsort-2.0.1/config/missing --run makeinfo'
MKDIR_P='/bin/mkdir -p'
NM='/usr/bin/nm -B'
NMEDIT=''
OBJDUMP='objdump'
OBJEXT='o'
OTOOL64=''
OTOOL=''
PACKAGE='libdivsufsort'
PACKAGE_BUGREPORT='yuta.256@gmail.com'
PACKAGE_NAME='libdivsufsort'
PACKAGE_STRING='libdivsufsort 2.0.1'
PACKAGE_TARNAME='libdivsufsort'
PACKAGE_URL=''
PACKAGE_VERSION='2.0.1'
PATH_SEPARATOR=':'
PROJECT_DESCRIPTION='A lightweight suffix sorting library'
PROJECT_NAME='libdivsufsort'
PROJECT_URL='http://libdivsufsort.googlecode.com/'
PROJECT_VERSION_FULL='2.0.0'
RANLIB='ranlib'
SAINDEX_PRId='PRId32'
SAINDEX_TYPE='int32_t'
SAINT32_TYPE='int32_t'
SAINT64_PRId=''
SAINT64_TYPE=''
SAINT_PRId='PRId32'
SAUCHAR_TYPE='uint8_t'
SED='/bin/sed'
SET_MAKE=''
SHELL='/bin/bash'
STRIP='strip'
VERSION='2.0.1'
W64BIT=''
ac_ct_CC='gcc'
ac_ct_DUMPBIN=''
am__EXEEXT_FALSE=''
am__EXEEXT_TRUE='#'
am__fastdepCC_FALSE='#'
am__fastdepCC_TRUE=''
am__include='include'
am__isrc=''
am__leading_dot='.'
am__quote=''
am__tar='${AMTAR} chof - "$$tardir"'
am__untar='${AMTAR} xf -'
bindir='${exec_prefix}/bin'
build='x86_64-unknown-linux-gnu'
build_alias=''
build_cpu='x86_64'
build_os='linux-gnu'
build_vendor='unknown'
datadir='${datarootdir}'
datarootdir='${prefix}/share'
docdir='${datarootdir}/doc/${PACKAGE_TARNAME}'
dvidir='${docdir}'
exec_prefix='${prefix}'
host='x86_64-unknown-linux-gnu'
host_alias=''
host_cpu='x86_64'
host_os='linux-gnu'
host_vendor='unknown'
htmldir='${docdir}'
includedir='${prefix}/include'
infodir='${datarootdir}/info'
install_sh='${SHELL} /home/alcaro/floating/libdivsufsort-2.0.1/config/install-sh'
libdir='${exec_prefix}/lib'
libexecdir='${exec_prefix}/libexec'
localedir='${datarootdir}/locale'
localstatedir='${prefix}/var'
lt_ECHO='echo'
mandir='${datarootdir}/man'
mkdir_p='/bin/mkdir -p'
oldincludedir='/usr/include'
pdfdir='${docdir}'
prefix='/usr/local'
program_transform_name='s,x,x,'
psdir='${docdir}'
sbindir='${exec_prefix}/sbin'
sharedstatedir='${prefix}/com'
sysconfdir='${prefix}/etc'
target='x86_64-unknown-linux-gnu'
target_alias=''
target_cpu='x86_64'
target_os='linux-gnu'
target_vendor='unknown'

## ----------- ##
## confdefs.h. ##
## ----------- ##

/* confdefs.h */
#define PACKAGE_NAME "libdivsufsort"
#define PACKAGE_TARNAME "libdivsufsort"
#define PACKAGE_VERSION "2.0.1"
#define PACKAGE_STRING "libdivsufsort 2.0.1"
#define PACKAGE_BUGREPORT "yuta.256@gmail.com"
#define PACKAGE_URL ""
#define STDC_HEADERS 1
#define HAVE_SYS_TYPES_H 1
#define HAVE_SYS_STAT_H 1
#define HAVE_STDLIB_H 1
#define HAVE_STRING_H 1
#define HAVE_MEMORY_H 1
#define HAVE_STRINGS_H 1
#define HAVE_INTTYPES_H 1
#define HAVE_STDINT_H 1
#define HAVE_UNISTD_H 1
#define HAVE_DLFCN_H 1
#define LT_OBJDIR ".libs/"
#define STDC_HEADERS 1
#define HAVE_INTTYPES_H 1
#define HAVE_MEMORY_H 1
#define HAVE_STDDEF_H 1
#define HAVE_STDINT_H 1
#define HAVE_STDLIB_H 1
#define HAVE_STRING_H 1
#define HAVE_STRINGS_H 1
#define HAVE_SYS_TYPES_H 1
#define HAVE_FCNTL_H 1
#define HAVE_UINT8_T 1
#define HAVE_INT32_T 1
#define INLINE inline
#define PROJECT_VERSION_FULL PACKAGE_VERSION
#define HAVE_STDLIB_H 1
#define HAVE_MALLOC 1

configure: exit 0
